<?xml version="1.0" encoding="UTF-8"?>
<!-- Generated by org.testng.reporters.JUnitXMLReporter -->
<testsuite ignored="0" hostname="dodavins-MacBook-Pro.local" failures="0" tests="11" name="API Tests - Posts" time="2.049" errors="0" timestamp="2026-05-04T21:48:19 ICT">
  <testcase classname="com.ecommerce.tests.api.PostApiTest" name="testGetNonExistentPost" time="0.466"/>
  <testcase classname="com.ecommerce.tests.api.PostApiTest" name="testGetPostsByUser" time="0.222"/>
  <testcase classname="com.ecommerce.tests.api.PostApiTest" name="testGetAllPosts" time="0.694"/>
  <testcase classname="com.ecommerce.tests.api.PostApiTest" name="testCreatePost" time="0.699"/>
  <testcase classname="com.ecommerce.tests.api.PostApiTest" name="testGetSinglePost" time="0.212"/>
  <testcase classname="com.ecommerce.tests.api.PostApiTest" name="testGetSinglePost" time="0.186"/>
  <testcase classname="com.ecommerce.tests.api.PostApiTest" name="testCreatePost" time="0.433"/>
  <testcase classname="com.ecommerce.tests.api.PostApiTest" name="testDeletePost" time="1.325"/>
  <testcase classname="com.ecommerce.tests.api.PostApiTest" name="testCreatePost" time="0.43"/>
  <testcase classname="com.ecommerce.tests.api.PostApiTest" name="testGetSinglePost" time="0.558"/>
  <testcase classname="com.ecommerce.tests.api.PostApiTest" name="testGetSinglePost" time="0.192"/>
</testsuite> <!-- API Tests - Posts -->
