<?xml version="1.0" encoding="UTF-8"?>
<!-- Generated by org.testng.reporters.JUnitXMLReporter -->
<testsuite ignored="0" hostname="dodavins-MacBook-Pro.local" failures="0" tests="14" name="API Tests - Users" time="3.072" errors="0" timestamp="2026-05-04T21:48:20 ICT">
  <testcase classname="com.ecommerce.tests.api.UserApiTest" name="testGetNonExistentUser" time="0.466"/>
  <testcase classname="com.ecommerce.tests.api.UserApiTest" name="testGetAllUsers" time="0.693"/>
  <testcase classname="com.ecommerce.tests.api.UserApiTest" name="testCreateUser" time="0.696"/>
  <testcase classname="com.ecommerce.tests.api.UserApiTest" name="testGetSingleUser" time="0.23"/>
  <testcase classname="com.ecommerce.tests.api.UserApiTest" name="testGetSingleUser" time="0.204"/>
  <testcase classname="com.ecommerce.tests.api.UserApiTest" name="testGetSingleUser" time="0.188"/>
  <testcase classname="com.ecommerce.tests.api.UserApiTest" name="testCreateUser" time="0.418"/>
  <testcase classname="com.ecommerce.tests.api.UserApiTest" name="testPatchUser" time="0.423"/>
  <testcase classname="com.ecommerce.tests.api.UserApiTest" name="testDeleteUser" time="1.133"/>
  <testcase classname="com.ecommerce.tests.api.UserApiTest" name="testCreateUser" time="0.413"/>
  <testcase classname="com.ecommerce.tests.api.UserApiTest" name="testGetSingleUser" time="0.528"/>
  <testcase classname="com.ecommerce.tests.api.UserApiTest" name="testUpdateUser" time="0.732"/>
  <testcase classname="com.ecommerce.tests.api.UserApiTest" name="testCreateUser" time="0.903"/>
  <testcase classname="com.ecommerce.tests.api.UserApiTest" name="testCreateUser" time="0.43"/>
</testsuite> <!-- API Tests - Users -->
