<?xml version="1.0" encoding="UTF-8"?>
<!-- Generated by org.testng.reporters.JUnitXMLReporter -->
<testsuite ignored="0" hostname="LAPTOP-TG0GH7NF" failures="0" tests="4" name="Login Tests" time="54.94" errors="0" timestamp="2026-05-03T12:25:52 GMT+07:00">
  <testcase classname="com.lab04.tests.LoginTest" name="testEmptyCredentials" time="3.576"/>
  <testcase classname="com.lab04.tests.LoginTest" name="testInvalidLogin" time="3.204"/>
  <testcase classname="com.lab04.tests.LoginTest" name="testLockedOutUser" time="3.326"/>
  <testcase classname="com.lab04.tests.LoginTest" name="testValidLogin" time="3.212"/>
</testsuite> <!-- Login Tests -->
