<?xml version="1.0" encoding="UTF-8"?>
<!-- Generated by org.testng.reporters.JUnitXMLReporter -->
<testsuite ignored="0" hostname="LAPTOP-TG0GH7NF" failures="0" tests="6" name="Shopping Tests" time="30.799" errors="0" timestamp="2026-05-03T12:26:23 GMT+07:00">
  <testcase classname="com.lab04.tests.ShoppingTest" name="testAddProductToCart" time="0.177"/>
  <testcase classname="com.lab04.tests.ShoppingTest" name="testCartContainsProduct" time="0.383"/>
  <testcase classname="com.lab04.tests.ShoppingTest" name="testCompleteCheckout" time="1.172"/>
  <testcase classname="com.lab04.tests.ShoppingTest" name="testProductsPageDisplayed" time="0.016"/>
  <testcase classname="com.lab04.tests.ShoppingTest" name="testRemoveItemFromCart" time="0.481"/>
  <testcase classname="com.lab04.tests.ShoppingTest" name="testSortByPriceLowToHigh" time="0.132"/>
</testsuite> <!-- Shopping Tests -->
