<?xml version="1.0" encoding="UTF-8"?>
<testng-results ignored="0" total="27" passed="27" failed="0" skipped="0">
  <reporter-output>
    <line>
      <![CDATA[Saved screenshot: target/screenshots/loginTest_SUCCESS_20260504_214818579.png]]>
    </line>
    <line>
      <![CDATA[<a href='target/screenshots/loginTest_SUCCESS_20260504_214818579.png'>Screenshot</a>]]>
    </line>
    <line>
      <![CDATA[Saved screenshot: target/screenshots/loginTest_SUCCESS_20260504_214826484.png]]>
    </line>
    <line>
      <![CDATA[<a href='target/screenshots/loginTest_SUCCESS_20260504_214826484.png'>Screenshot</a>]]>
    </line>
  </reporter-output>
  <suite started-at="2026-05-04T21:48:12 ICT" name="All Tests" finished-at="2026-05-04T21:48:26 ICT" duration-ms="13848">
    <groups>
    </groups>
    <test started-at="2026-05-04T21:48:12 ICT" name="API Tests - Posts" finished-at="2026-05-04T21:48:14 ICT" duration-ms="2049">
      <class name="com.ecommerce.tests.api.PostApiTest">
        <test-method is-config="true" signature="setUpApi()[pri:0, instance:com.ecommerce.tests.api.PostApiTest@692f203f]" started-at="2026-05-04T21:48:12 ICT" name="setUpApi" finished-at="2026-05-04T21:48:12 ICT" duration-ms="136" status="PASS">
          <reporter-output>
          </reporter-output>
        </test-method> <!-- setUpApi -->
        <test-method signature="testGetNonExistentPost()[pri:0, instance:com.ecommerce.tests.api.PostApiTest@692f203f]" started-at="2026-05-04T21:48:12 ICT" name="testGetNonExistentPost" description="GET /posts/{id} returns 404 for unknown post" finished-at="2026-05-04T21:48:13 ICT" duration-ms="466" status="PASS">
          <reporter-output>
          </reporter-output>
        </test-method> <!-- testGetNonExistentPost -->
        <test-method signature="testGetAllPosts()[pri:0, instance:com.ecommerce.tests.api.PostApiTest@692f203f]" started-at="2026-05-04T21:48:12 ICT" name="testGetAllPosts" description="GET /posts returns list of 100 posts" finished-at="2026-05-04T21:48:13 ICT" duration-ms="694" status="PASS">
          <reporter-output>
          </reporter-output>
        </test-method> <!-- testGetAllPosts -->
        <test-method signature="testCreatePost(java.lang.String,java.lang.String,int)[pri:0, instance:com.ecommerce.tests.api.PostApiTest@692f203f]" started-at="2026-05-04T21:48:12 ICT" name="testCreatePost" description="POST /posts creates post – data driven" data-provider="postCreateData" finished-at="2026-05-04T21:48:13 ICT" duration-ms="699" status="PASS">
          <params>
            <param index="0">
              <value>
                <![CDATA[Introduction to REST APIs]]>
              </value>
            </param>
            <param index="1">
              <value>
                <![CDATA[REST stands for Representational State Transfer.]]>
              </value>
            </param>
            <param index="2">
              <value>
                <![CDATA[1]]>
              </value>
            </param>
          </params>
          <reporter-output>
          </reporter-output>
        </test-method> <!-- testCreatePost -->
        <test-method signature="testDeletePost()[pri:0, instance:com.ecommerce.tests.api.PostApiTest@692f203f]" started-at="2026-05-04T21:48:12 ICT" name="testDeletePost" description="DELETE /posts/{id} returns 200" finished-at="2026-05-04T21:48:14 ICT" duration-ms="1325" status="PASS">
          <reporter-output>
          </reporter-output>
        </test-method> <!-- testDeletePost -->
        <test-method signature="testGetPostsByUser()[pri:0, instance:com.ecommerce.tests.api.PostApiTest@692f203f]" started-at="2026-05-04T21:48:13 ICT" name="testGetPostsByUser" description="GET /posts?userId=1 returns posts filtered by user" finished-at="2026-05-04T21:48:13 ICT" duration-ms="222" status="PASS">
          <reporter-output>
          </reporter-output>
        </test-method> <!-- testGetPostsByUser -->
        <test-method signature="testGetSinglePost(int)[pri:0, instance:com.ecommerce.tests.api.PostApiTest@692f203f]" started-at="2026-05-04T21:48:13 ICT" name="testGetSinglePost" description="GET /posts/{id} returns single post matching schema" data-provider="postIdProvider" finished-at="2026-05-04T21:48:13 ICT" duration-ms="212" status="PASS">
          <params>
            <param index="0">
              <value>
                <![CDATA[1]]>
              </value>
            </param>
          </params>
          <reporter-output>
          </reporter-output>
        </test-method> <!-- testGetSinglePost -->
        <test-method signature="testCreatePost(java.lang.String,java.lang.String,int)[pri:0, instance:com.ecommerce.tests.api.PostApiTest@692f203f]" started-at="2026-05-04T21:48:13 ICT" name="testCreatePost" description="POST /posts creates post – data driven" data-provider="postCreateData" finished-at="2026-05-04T21:48:14 ICT" duration-ms="433" status="PASS">
          <params>
            <param index="0">
              <value>
                <![CDATA[Data-Driven Testing Guide]]>
              </value>
            </param>
            <param index="1">
              <value>
                <![CDATA[Use data providers to drive test inputs.]]>
              </value>
            </param>
            <param index="2">
              <value>
                <![CDATA[2]]>
              </value>
            </param>
          </params>
          <reporter-output>
          </reporter-output>
        </test-method> <!-- testCreatePost -->
        <test-method signature="testGetSinglePost(int)[pri:0, instance:com.ecommerce.tests.api.PostApiTest@692f203f]" started-at="2026-05-04T21:48:13 ICT" name="testGetSinglePost" description="GET /posts/{id} returns single post matching schema" data-provider="postIdProvider" finished-at="2026-05-04T21:48:14 ICT" duration-ms="186" status="PASS">
          <params>
            <param index="0">
              <value>
                <![CDATA[25]]>
              </value>
            </param>
          </params>
          <reporter-output>
          </reporter-output>
        </test-method> <!-- testGetSinglePost -->
        <test-method signature="testGetSinglePost(int)[pri:0, instance:com.ecommerce.tests.api.PostApiTest@692f203f]" started-at="2026-05-04T21:48:14 ICT" name="testGetSinglePost" description="GET /posts/{id} returns single post matching schema" data-provider="postIdProvider" finished-at="2026-05-04T21:48:14 ICT" duration-ms="558" status="PASS">
          <params>
            <param index="0">
              <value>
                <![CDATA[50]]>
              </value>
            </param>
          </params>
          <reporter-output>
          </reporter-output>
        </test-method> <!-- testGetSinglePost -->
        <test-method signature="testCreatePost(java.lang.String,java.lang.String,int)[pri:0, instance:com.ecommerce.tests.api.PostApiTest@692f203f]" started-at="2026-05-04T21:48:14 ICT" name="testCreatePost" description="POST /posts creates post – data driven" data-provider="postCreateData" finished-at="2026-05-04T21:48:14 ICT" duration-ms="430" status="PASS">
          <params>
            <param index="0">
              <value>
                <![CDATA[API Schema Validation Tips]]>
              </value>
            </param>
            <param index="1">
              <value>
                <![CDATA[Always validate response bodies against a schema.]]>
              </value>
            </param>
            <param index="2">
              <value>
                <![CDATA[1]]>
              </value>
            </param>
          </params>
          <reporter-output>
          </reporter-output>
        </test-method> <!-- testCreatePost -->
        <test-method signature="testGetSinglePost(int)[pri:0, instance:com.ecommerce.tests.api.PostApiTest@692f203f]" started-at="2026-05-04T21:48:14 ICT" name="testGetSinglePost" description="GET /posts/{id} returns single post matching schema" data-provider="postIdProvider" finished-at="2026-05-04T21:48:14 ICT" duration-ms="192" status="PASS">
          <params>
            <param index="0">
              <value>
                <![CDATA[100]]>
              </value>
            </param>
          </params>
          <reporter-output>
          </reporter-output>
        </test-method> <!-- testGetSinglePost -->
      </class> <!-- com.ecommerce.tests.api.PostApiTest -->
    </test> <!-- API Tests - Posts -->
    <test started-at="2026-05-04T21:48:12 ICT" name="API Tests - Users" finished-at="2026-05-04T21:48:15 ICT" duration-ms="3072">
      <class name="com.ecommerce.tests.api.UserApiTest">
        <test-method is-config="true" signature="setUpApi()[pri:0, instance:com.ecommerce.tests.api.UserApiTest@55b699ef]" started-at="2026-05-04T21:48:12 ICT" name="setUpApi" finished-at="2026-05-04T21:48:12 ICT" duration-ms="136" status="PASS">
          <reporter-output>
          </reporter-output>
        </test-method> <!-- setUpApi -->
        <test-method signature="testGetNonExistentUser()[pri:0, instance:com.ecommerce.tests.api.UserApiTest@55b699ef]" started-at="2026-05-04T21:48:12 ICT" name="testGetNonExistentUser" description="GET /users/{id} returns 404 for unknown user" finished-at="2026-05-04T21:48:13 ICT" duration-ms="466" status="PASS">
          <reporter-output>
          </reporter-output>
        </test-method> <!-- testGetNonExistentUser -->
        <test-method signature="testDeleteUser()[pri:0, instance:com.ecommerce.tests.api.UserApiTest@55b699ef]" started-at="2026-05-04T21:48:12 ICT" name="testDeleteUser" description="DELETE /users/{id} returns 200" finished-at="2026-05-04T21:48:14 ICT" duration-ms="1133" status="PASS">
          <reporter-output>
          </reporter-output>
        </test-method> <!-- testDeleteUser -->
        <test-method signature="testGetAllUsers()[pri:0, instance:com.ecommerce.tests.api.UserApiTest@55b699ef]" started-at="2026-05-04T21:48:12 ICT" name="testGetAllUsers" description="GET /users returns list of 10 users matching schema" finished-at="2026-05-04T21:48:13 ICT" duration-ms="693" status="PASS">
          <reporter-output>
          </reporter-output>
        </test-method> <!-- testGetAllUsers -->
        <test-method signature="testCreateUser(java.lang.String,java.lang.String)[pri:0, instance:com.ecommerce.tests.api.UserApiTest@55b699ef]" started-at="2026-05-04T21:48:12 ICT" name="testCreateUser" description="POST /users creates user – data driven" data-provider="userCreateData" finished-at="2026-05-04T21:48:13 ICT" duration-ms="696" status="PASS">
          <params>
            <param index="0">
              <value>
                <![CDATA[Alice Smith]]>
              </value>
            </param>
            <param index="1">
              <value>
                <![CDATA[Software Engineer]]>
              </value>
            </param>
          </params>
          <reporter-output>
          </reporter-output>
        </test-method> <!-- testCreateUser -->
        <test-method signature="testGetSingleUser(int)[pri:0, instance:com.ecommerce.tests.api.UserApiTest@55b699ef]" started-at="2026-05-04T21:48:13 ICT" name="testGetSingleUser" description="GET /users/{id} returns single user matching schema" data-provider="existingUserIds" finished-at="2026-05-04T21:48:13 ICT" duration-ms="230" status="PASS">
          <params>
            <param index="0">
              <value>
                <![CDATA[1]]>
              </value>
            </param>
          </params>
          <reporter-output>
          </reporter-output>
        </test-method> <!-- testGetSingleUser -->
        <test-method signature="testPatchUser()[pri:0, instance:com.ecommerce.tests.api.UserApiTest@55b699ef]" started-at="2026-05-04T21:48:13 ICT" name="testPatchUser" description="PATCH /users/{id} partially updates user" finished-at="2026-05-04T21:48:14 ICT" duration-ms="423" status="PASS">
          <reporter-output>
          </reporter-output>
        </test-method> <!-- testPatchUser -->
        <test-method signature="testCreateUser(java.lang.String,java.lang.String)[pri:0, instance:com.ecommerce.tests.api.UserApiTest@55b699ef]" started-at="2026-05-04T21:48:13 ICT" name="testCreateUser" description="POST /users creates user – data driven" data-provider="userCreateData" finished-at="2026-05-04T21:48:14 ICT" duration-ms="418" status="PASS">
          <params>
            <param index="0">
              <value>
                <![CDATA[Bob Johnson]]>
              </value>
            </param>
            <param index="1">
              <value>
                <![CDATA[QA Engineer]]>
              </value>
            </param>
          </params>
          <reporter-output>
          </reporter-output>
        </test-method> <!-- testCreateUser -->
        <test-method signature="testGetSingleUser(int)[pri:0, instance:com.ecommerce.tests.api.UserApiTest@55b699ef]" started-at="2026-05-04T21:48:13 ICT" name="testGetSingleUser" description="GET /users/{id} returns single user matching schema" data-provider="existingUserIds" finished-at="2026-05-04T21:48:13 ICT" duration-ms="204" status="PASS">
          <params>
            <param index="0">
              <value>
                <![CDATA[2]]>
              </value>
            </param>
          </params>
          <reporter-output>
          </reporter-output>
        </test-method> <!-- testGetSingleUser -->
        <test-method signature="testGetSingleUser(int)[pri:0, instance:com.ecommerce.tests.api.UserApiTest@55b699ef]" started-at="2026-05-04T21:48:13 ICT" name="testGetSingleUser" description="GET /users/{id} returns single user matching schema" data-provider="existingUserIds" finished-at="2026-05-04T21:48:14 ICT" duration-ms="188" status="PASS">
          <params>
            <param index="0">
              <value>
                <![CDATA[5]]>
              </value>
            </param>
          </params>
          <reporter-output>
          </reporter-output>
        </test-method> <!-- testGetSingleUser -->
        <test-method signature="testGetSingleUser(int)[pri:0, instance:com.ecommerce.tests.api.UserApiTest@55b699ef]" started-at="2026-05-04T21:48:14 ICT" name="testGetSingleUser" description="GET /users/{id} returns single user matching schema" data-provider="existingUserIds" finished-at="2026-05-04T21:48:14 ICT" duration-ms="528" status="PASS">
          <params>
            <param index="0">
              <value>
                <![CDATA[10]]>
              </value>
            </param>
          </params>
          <reporter-output>
          </reporter-output>
        </test-method> <!-- testGetSingleUser -->
        <test-method signature="testCreateUser(java.lang.String,java.lang.String)[pri:0, instance:com.ecommerce.tests.api.UserApiTest@55b699ef]" started-at="2026-05-04T21:48:14 ICT" name="testCreateUser" description="POST /users creates user – data driven" data-provider="userCreateData" finished-at="2026-05-04T21:48:14 ICT" duration-ms="413" status="PASS">
          <params>
            <param index="0">
              <value>
                <![CDATA[Carol White]]>
              </value>
            </param>
            <param index="1">
              <value>
                <![CDATA[Product Manager]]>
              </value>
            </param>
          </params>
          <reporter-output>
          </reporter-output>
        </test-method> <!-- testCreateUser -->
        <test-method signature="testUpdateUser()[pri:0, instance:com.ecommerce.tests.api.UserApiTest@55b699ef]" started-at="2026-05-04T21:48:14 ICT" name="testUpdateUser" description="PUT /users/{id} updates user and returns updated fields" finished-at="2026-05-04T21:48:14 ICT" duration-ms="732" status="PASS">
          <reporter-output>
          </reporter-output>
        </test-method> <!-- testUpdateUser -->
        <test-method signature="testCreateUser(java.lang.String,java.lang.String)[pri:0, instance:com.ecommerce.tests.api.UserApiTest@55b699ef]" started-at="2026-05-04T21:48:14 ICT" name="testCreateUser" description="POST /users creates user – data driven" data-provider="userCreateData" finished-at="2026-05-04T21:48:15 ICT" duration-ms="903" status="PASS">
          <params>
            <param index="0">
              <value>
                <![CDATA[Dave Brown]]>
              </value>
            </param>
            <param index="1">
              <value>
                <![CDATA[DevOps Engineer]]>
              </value>
            </param>
          </params>
          <reporter-output>
          </reporter-output>
        </test-method> <!-- testCreateUser -->
        <test-method signature="testCreateUser(java.lang.String,java.lang.String)[pri:0, instance:com.ecommerce.tests.api.UserApiTest@55b699ef]" started-at="2026-05-04T21:48:15 ICT" name="testCreateUser" description="POST /users creates user – data driven" data-provider="userCreateData" finished-at="2026-05-04T21:48:15 ICT" duration-ms="430" status="PASS">
          <params>
            <param index="0">
              <value>
                <![CDATA[Eve Davis]]>
              </value>
            </param>
            <param index="1">
              <value>
                <![CDATA[Data Scientist]]>
              </value>
            </param>
          </params>
          <reporter-output>
          </reporter-output>
        </test-method> <!-- testCreateUser -->
      </class> <!-- com.ecommerce.tests.api.UserApiTest -->
    </test> <!-- API Tests - Users -->
    <test started-at="2026-05-04T21:48:12 ICT" name="UI Tests - Login" finished-at="2026-05-04T21:48:26 ICT" duration-ms="13848">
      <class name="com.ecommerce.tests.LoginTest">
        <test-method is-config="true" signature="setUp()[pri:0, instance:com.ecommerce.tests.LoginTest@192d43ce]" started-at="2026-05-04T21:48:12 ICT" name="setUp" finished-at="2026-05-04T21:48:13 ICT" duration-ms="834" status="PASS">
          <reporter-output>
          </reporter-output>
        </test-method> <!-- setUp -->
        <test-method signature="loginTest(java.lang.String,java.lang.String,boolean)[pri:0, instance:com.ecommerce.tests.LoginTest@192d43ce]" started-at="2026-05-04T21:48:13 ICT" name="loginTest" data-provider="credentials" finished-at="2026-05-04T21:48:18 ICT" duration-ms="4867" status="PASS">
          <params>
            <param index="0">
              <value>
                <![CDATA[tomsmith]]>
              </value>
            </param>
            <param index="1">
              <value>
                <![CDATA[SuperSecretPassword!]]>
              </value>
            </param>
            <param index="2">
              <value>
                <![CDATA[true]]>
              </value>
            </param>
          </params>
          <reporter-output>
            <line>
              <![CDATA[Saved screenshot: target/screenshots/loginTest_SUCCESS_20260504_214818579.png]]>
            </line>
            <line>
              <![CDATA[<a href='target/screenshots/loginTest_SUCCESS_20260504_214818579.png'>Screenshot</a>]]>
            </line>
          </reporter-output>
        </test-method> <!-- loginTest -->
        <test-method is-config="true" signature="tearDown()[pri:0, instance:com.ecommerce.tests.LoginTest@192d43ce]" started-at="2026-05-04T21:48:18 ICT" name="tearDown" finished-at="2026-05-04T21:48:18 ICT" duration-ms="84" status="PASS">
          <reporter-output>
          </reporter-output>
        </test-method> <!-- tearDown -->
        <test-method is-config="true" signature="setUp()[pri:0, instance:com.ecommerce.tests.LoginTest@192d43ce]" started-at="2026-05-04T21:48:18 ICT" name="setUp" finished-at="2026-05-04T21:48:19 ICT" duration-ms="641" status="PASS">
          <reporter-output>
          </reporter-output>
        </test-method> <!-- setUp -->
        <test-method signature="loginTest(java.lang.String,java.lang.String,boolean)[pri:0, instance:com.ecommerce.tests.LoginTest@192d43ce]" started-at="2026-05-04T21:48:19 ICT" name="loginTest" data-provider="credentials" finished-at="2026-05-04T21:48:26 ICT" duration-ms="7098" status="PASS">
          <params>
            <param index="0">
              <value>
                <![CDATA[wronguser]]>
              </value>
            </param>
            <param index="1">
              <value>
                <![CDATA[wrongpass]]>
              </value>
            </param>
            <param index="2">
              <value>
                <![CDATA[false]]>
              </value>
            </param>
          </params>
          <reporter-output>
            <line>
              <![CDATA[Saved screenshot: target/screenshots/loginTest_SUCCESS_20260504_214826484.png]]>
            </line>
            <line>
              <![CDATA[<a href='target/screenshots/loginTest_SUCCESS_20260504_214826484.png'>Screenshot</a>]]>
            </line>
          </reporter-output>
        </test-method> <!-- loginTest -->
        <test-method is-config="true" signature="tearDown()[pri:0, instance:com.ecommerce.tests.LoginTest@192d43ce]" started-at="2026-05-04T21:48:26 ICT" name="tearDown" finished-at="2026-05-04T21:48:26 ICT" duration-ms="80" status="PASS">
          <reporter-output>
          </reporter-output>
        </test-method> <!-- tearDown -->
      </class> <!-- com.ecommerce.tests.LoginTest -->
    </test> <!-- UI Tests - Login -->
  </suite> <!-- All Tests -->
</testng-results>
