<?xml version="1.0" encoding="UTF-8"?>
<testsuite xmlns:xsi="http://www.w3.org/2001/XMLSchema-instance" xsi:noNamespaceSchemaLocation="https://maven.apache.org/surefire/maven-surefire-plugin/xsd/surefire-test-report-3.0.xsd" version="3.0" name="TestSuite" time="19.012" tests="27" errors="0" skipped="0" failures="0">
  <properties>
[...]
</properties>
  <testcase name="testGetNonExistentPost" classname="com.ecommerce.tests.api.PostApiTest" time="0.465"/>
  <testcase name="testGetPostsByUser" classname="com.ecommerce.tests.api.PostApiTest" time="0.221"/>
  <testcase name="testGetAllPosts" classname="com.ecommerce.tests.api.PostApiTest" time="0.002"/>
  <testcase name="testCreatePost[Introduction to REST APIs, REST stands for Representational State Transfer., 1](1)" classname="com.ecommerce.tests.api.PostApiTest" time="0.0"/>
  <testcase name="testGetSinglePost[1](1)" classname="com.ecommerce.tests.api.PostApiTest" time="0.201"/>
  <testcase name="testGetSinglePost[25](2)" classname="com.ecommerce.tests.api.PostApiTest" time="0.186"/>
  <testcase name="testCreatePost[Data-Driven Testing Guide, Use data providers to drive test inputs., 2](2)" classname="com.ecommerce.tests.api.PostApiTest" time="0.015"/>
  <testcase name="testDeletePost" classname="com.ecommerce.tests.api.PostApiTest" time="0.192"/>
  <testcase name="testCreatePost[API Schema Validation Tips, Always validate response bodies against a schema., 1](3)" classname="com.ecommerce.tests.api.PostApiTest" time="0.034"/>
  <testcase name="testGetSinglePost[50](3)" classname="com.ecommerce.tests.api.PostApiTest" time="0.119"/>
  <testcase name="testGetSinglePost[100](4)" classname="com.ecommerce.tests.api.PostApiTest" time="0.192"/>
  <testcase name="testGetNonExistentUser" classname="com.ecommerce.tests.api.UserApiTest" time="0.465"/>
  <testcase name="testGetAllUsers" classname="com.ecommerce.tests.api.UserApiTest" time="0.002"/>
  <testcase name="testCreateUser[Alice Smith, Software Engineer](1)" classname="com.ecommerce.tests.api.UserApiTest" time="0.002"/>
  <testcase name="testGetSingleUser[1](1)" classname="com.ecommerce.tests.api.UserApiTest" time="0.002"/>
  <testcase name="testGetSingleUser[2](2)" classname="com.ecommerce.tests.api.UserApiTest" time="0.201"/>
  <testcase name="testGetSingleUser[5](3)" classname="com.ecommerce.tests.api.UserApiTest" time="0.002"/>
  <testcase name="testCreateUser[Bob Johnson, QA Engineer](2)" classname="com.ecommerce.tests.api.UserApiTest" time="0.022"/>
  <testcase name="testPatchUser" classname="com.ecommerce.tests.api.UserApiTest" time="0.003"/>
  <testcase name="testDeleteUser" classname="com.ecommerce.tests.api.UserApiTest" time="0.0"/>
  <testcase name="testCreateUser[Carol White, Product Manager](3)" classname="com.ecommerce.tests.api.UserApiTest" time="0.395"/>
  <testcase name="testGetSingleUser[10](4)" classname="com.ecommerce.tests.api.UserApiTest" time="0.092"/>
  <testcase name="testUpdateUser" classname="com.ecommerce.tests.api.UserApiTest" time="0.204"/>
  <testcase name="testCreateUser[Dave Brown, DevOps Engineer](4)" classname="com.ecommerce.tests.api.UserApiTest" time="0.785"/>
  <testcase name="testCreateUser[Eve Davis, Data Scientist](5)" classname="com.ecommerce.tests.api.UserApiTest" time="0.43"/>
  <testcase name="loginTest[tomsmith, SuperSecretPassword!, true](1)" classname="com.ecommerce.tests.LoginTest" time="3.137"/>
  <testcase name="loginTest[wronguser, wrongpass, false](2)" classname="com.ecommerce.tests.LoginTest" time="7.099"/>
</testsuite>