<?xml version="1.0" encoding="UTF-8"?>
<!-- Generated by org.testng.reporters.JUnitReportReporter -->
<testsuite hostname="dodavins-MacBook-Pro.local" failures="0" tests="6" name="com.lab04.tests.ShoppingTest" time="50.239" errors="0" timestamp="2026-05-04T22:18:00 ICT" skipped="0">
  <testcase classname="com.lab04.tests.ShoppingTest" name="testSortByPriceLowToHigh" time="10.844"/>
  <testcase classname="com.lab04.tests.ShoppingTest" name="testProductsPageDisplayed" time="7.650"/>
  <testcase classname="com.lab04.tests.ShoppingTest" name="testCompleteCheckout" time="9.820"/>
  <testcase classname="com.lab04.tests.ShoppingTest" name="testAddProductToCart" time="7.396"/>
  <testcase classname="com.lab04.tests.ShoppingTest" name="testCartContainsProduct" time="9.851"/>
  <testcase classname="com.lab04.tests.ShoppingTest" name="testRemoveItemFromCart" time="4.678"/>
</testsuite> <!-- com.lab04.tests.ShoppingTest -->
