<?xml version="1.0" encoding="UTF-8"?>
<!-- Generated by org.testng.reporters.JUnitReportReporter -->
<testsuite hostname="dodavins-MacBook-Pro.local" failures="0" tests="5" name="com.lab04.api.tests.UserApiTest" time="4.089" errors="0" timestamp="2026-05-04T22:18:00 ICT" skipped="0">
  <testcase classname="com.lab04.api.tests.UserApiTest" name="testGetNonExistentUser" time="0.171"/>
  <testcase classname="com.lab04.api.tests.UserApiTest" name="testGetAllUsers" time="0.565"/>
  <testcase classname="com.lab04.api.tests.UserApiTest" name="testGetUserById" time="0.767"/>
  <testcase classname="com.lab04.api.tests.UserApiTest" name="testGetUserByUsername" time="1.567"/>
  <testcase classname="com.lab04.api.tests.UserApiTest" name="testGetPostsByUser" time="1.019"/>
</testsuite> <!-- com.lab04.api.tests.UserApiTest -->
