<?xml version="1.0" encoding="UTF-8"?>
<!-- Generated by org.testng.reporters.JUnitReportReporter -->
<testsuite hostname="dodavins-MacBook-Pro.local" failures="0" tests="4" name="com.lab04.tests.LoginTest" time="85.127" errors="0" timestamp="2026-05-04T22:18:00 ICT" skipped="0">
  <testcase classname="com.lab04.tests.LoginTest" name="testInvalidLogin" time="70.352"/>
  <testcase classname="com.lab04.tests.LoginTest" name="testValidLogin" time="3.672"/>
  <testcase classname="com.lab04.tests.LoginTest" name="testEmptyCredentials" time="6.634"/>
  <testcase classname="com.lab04.tests.LoginTest" name="testLockedOutUser" time="4.469"/>
</testsuite> <!-- com.lab04.tests.LoginTest -->
