<?xml version="1.0" encoding="UTF-8"?>
<!-- Generated by org.testng.reporters.JUnitReportReporter -->
<testsuite hostname="dodavins-MacBook-Pro.local" failures="0" tests="2" name="com.ecommerce.tests.LoginTest" time="13.604" errors="0" timestamp="2026-05-04T21:48:31 ICT" skipped="0">
  <testcase classname="com.ecommerce.tests.LoginTest" name="loginTest" time="5.785">
    <system-out>
      <![CDATA[Saved screenshot: target/screenshots/loginTest_SUCCESS_20260504_214818579.png
<a href='target/screenshots/loginTest_SUCCESS_20260504_214818579.png'>Screenshot</a>]]>
    </system-out>
  </testcase> <!-- loginTest -->
  <testcase classname="com.ecommerce.tests.LoginTest" name="loginTest" time="7.819">
    <system-out>
      <![CDATA[Saved screenshot: target/screenshots/loginTest_SUCCESS_20260504_214826484.png
<a href='target/screenshots/loginTest_SUCCESS_20260504_214826484.png'>Screenshot</a>]]>
    </system-out>
  </testcase> <!-- loginTest -->
  <system-out>
    <![CDATA[Saved screenshot: target/screenshots/loginTest_SUCCESS_20260504_214818579.png
<a href='target/screenshots/loginTest_SUCCESS_20260504_214818579.png'>Screenshot</a>
Saved screenshot: target/screenshots/loginTest_SUCCESS_20260504_214826484.png
<a href='target/screenshots/loginTest_SUCCESS_20260504_214826484.png'>Screenshot</a>]]>
  </system-out>
</testsuite> <!-- com.ecommerce.tests.LoginTest -->
