<?xml version="1.0" encoding="UTF-8"?>
<!-- Generated by org.testng.reporters.JUnitReportReporter -->
<testsuite hostname="LAPTOP-TG0GH7NF" failures="0" tests="8" name="com.lab04.api.tests.PostApiTest" time="4.796" errors="0" timestamp="2026-05-03T12:32:29 GMT+07:00" skipped="0">
  <testcase classname="com.lab04.api.tests.PostApiTest" name="testResponseHeaders" time="0.307"/>
  <testcase classname="com.lab04.api.tests.PostApiTest" name="testGetPostsByUserId" time="0.311"/>
  <testcase classname="com.lab04.api.tests.PostApiTest" name="testGetAllPosts" time="0.542"/>
  <testcase classname="com.lab04.api.tests.PostApiTest" name="testPatchPost" time="0.562"/>
  <testcase classname="com.lab04.api.tests.PostApiTest" name="testDeletePost" time="0.513"/>
  <testcase classname="com.lab04.api.tests.PostApiTest" name="testCreatePost" time="1.190"/>
  <testcase classname="com.lab04.api.tests.PostApiTest" name="testGetPostById" time="0.354"/>
  <testcase classname="com.lab04.api.tests.PostApiTest" name="testUpdatePost" time="1.017"/>
</testsuite> <!-- com.lab04.api.tests.PostApiTest -->
