<?xml version="1.0" encoding="UTF-8"?>
<!-- Generated by org.testng.reporters.JUnitReportReporter -->
<testsuite hostname="dodavins-MacBook-Pro.local" failures="0" tests="14" name="com.ecommerce.tests.api.UserApiTest" time="7.457" errors="0" timestamp="2026-05-04T21:48:31 ICT" skipped="0">
  <testcase classname="com.ecommerce.tests.api.UserApiTest" name="testGetSingleUser" time="0.188"/>
  <testcase classname="com.ecommerce.tests.api.UserApiTest" name="testCreateUser" time="0.413"/>
  <testcase classname="com.ecommerce.tests.api.UserApiTest" name="testGetNonExistentUser" time="0.466"/>
  <testcase classname="com.ecommerce.tests.api.UserApiTest" name="testPatchUser" time="0.423"/>
  <testcase classname="com.ecommerce.tests.api.UserApiTest" name="testCreateUser" time="0.430"/>
  <testcase classname="com.ecommerce.tests.api.UserApiTest" name="testDeleteUser" time="1.133"/>
  <testcase classname="com.ecommerce.tests.api.UserApiTest" name="testCreateUser" time="0.903"/>
  <testcase classname="com.ecommerce.tests.api.UserApiTest" name="testGetSingleUser" time="0.204"/>
  <testcase classname="com.ecommerce.tests.api.UserApiTest" name="testGetAllUsers" time="0.693"/>
  <testcase classname="com.ecommerce.tests.api.UserApiTest" name="testUpdateUser" time="0.732"/>
  <testcase classname="com.ecommerce.tests.api.UserApiTest" name="testCreateUser" time="0.418"/>
  <testcase classname="com.ecommerce.tests.api.UserApiTest" name="testGetSingleUser" time="0.528"/>
  <testcase classname="com.ecommerce.tests.api.UserApiTest" name="testCreateUser" time="0.696"/>
  <testcase classname="com.ecommerce.tests.api.UserApiTest" name="testGetSingleUser" time="0.230"/>
  <system-out>
    <![CDATA[Saved screenshot: target/screenshots/loginTest_SUCCESS_20260504_214818579.png
<a href='target/screenshots/loginTest_SUCCESS_20260504_214818579.png'>Screenshot</a>
Saved screenshot: target/screenshots/loginTest_SUCCESS_20260504_214826484.png
<a href='target/screenshots/loginTest_SUCCESS_20260504_214826484.png'>Screenshot</a>]]>
  </system-out>
</testsuite> <!-- com.ecommerce.tests.api.UserApiTest -->
