<?xml version="1.0" encoding="UTF-8"?>
<!-- Generated by org.testng.reporters.JUnitReportReporter -->
<testsuite hostname="dodavins-MacBook-Pro.local" failures="0" tests="8" name="com.lab04.api.tests.PostApiTest" time="3.499" errors="0" timestamp="2026-05-04T22:18:00 ICT" skipped="0">
  <testcase classname="com.lab04.api.tests.PostApiTest" name="testCreatePost" time="0.455"/>
  <testcase classname="com.lab04.api.tests.PostApiTest" name="testGetAllPosts" time="0.239"/>
  <testcase classname="com.lab04.api.tests.PostApiTest" name="testGetPostById" time="0.183"/>
  <testcase classname="com.lab04.api.tests.PostApiTest" name="testPatchPost" time="0.415"/>
  <testcase classname="com.lab04.api.tests.PostApiTest" name="testResponseHeaders" time="0.178"/>
  <testcase classname="com.lab04.api.tests.PostApiTest" name="testGetPostsByUserId" time="0.191"/>
  <testcase classname="com.lab04.api.tests.PostApiTest" name="testUpdatePost" time="0.990"/>
  <testcase classname="com.lab04.api.tests.PostApiTest" name="testDeletePost" time="0.848"/>
</testsuite> <!-- com.lab04.api.tests.PostApiTest -->
