<?xml version="1.0" encoding="UTF-8"?>
<!-- Generated by org.testng.reporters.JUnitReportReporter -->
<testsuite hostname="dodavins-MacBook-Pro.local" failures="0" tests="11" name="com.ecommerce.tests.api.PostApiTest" time="5.417" errors="0" timestamp="2026-05-04T21:48:31 ICT" skipped="0">
  <testcase classname="com.ecommerce.tests.api.PostApiTest" name="testGetNonExistentPost" time="0.466"/>
  <testcase classname="com.ecommerce.tests.api.PostApiTest" name="testGetAllPosts" time="0.694"/>
  <testcase classname="com.ecommerce.tests.api.PostApiTest" name="testGetSinglePost" time="0.192"/>
  <testcase classname="com.ecommerce.tests.api.PostApiTest" name="testCreatePost" time="0.699"/>
  <testcase classname="com.ecommerce.tests.api.PostApiTest" name="testDeletePost" time="1.325"/>
  <testcase classname="com.ecommerce.tests.api.PostApiTest" name="testGetSinglePost" time="0.558"/>
  <testcase classname="com.ecommerce.tests.api.PostApiTest" name="testCreatePost" time="0.430"/>
  <testcase classname="com.ecommerce.tests.api.PostApiTest" name="testGetSinglePost" time="0.212"/>
  <testcase classname="com.ecommerce.tests.api.PostApiTest" name="testCreatePost" time="0.433"/>
  <testcase classname="com.ecommerce.tests.api.PostApiTest" name="testGetSinglePost" time="0.186"/>
  <testcase classname="com.ecommerce.tests.api.PostApiTest" name="testGetPostsByUser" time="0.222"/>
  <system-out>
    <![CDATA[Saved screenshot: target/screenshots/loginTest_SUCCESS_20260504_214818579.png
<a href='target/screenshots/loginTest_SUCCESS_20260504_214818579.png'>Screenshot</a>
Saved screenshot: target/screenshots/loginTest_SUCCESS_20260504_214826484.png
<a href='target/screenshots/loginTest_SUCCESS_20260504_214826484.png'>Screenshot</a>]]>
  </system-out>
</testsuite> <!-- com.ecommerce.tests.api.PostApiTest -->
