<?xml version="1.0" encoding="UTF-8"?>
<!-- Generated by org.testng.reporters.JUnitReportReporter -->
<testsuite hostname="LAPTOP-TG0GH7NF" failures="0" tests="5" name="com.lab04.api.tests.UserApiTest" time="7.832" errors="0" timestamp="2026-05-03T12:32:29 GMT+07:00" skipped="0">
  <testcase classname="com.lab04.api.tests.UserApiTest" name="testGetUserByUsername" time="1.239"/>
  <testcase classname="com.lab04.api.tests.UserApiTest" name="testGetNonExistentUser" time="1.434"/>
  <testcase classname="com.lab04.api.tests.UserApiTest" name="testGetAllUsers" time="3.594"/>
  <testcase classname="com.lab04.api.tests.UserApiTest" name="testGetUserById" time="0.447"/>
  <testcase classname="com.lab04.api.tests.UserApiTest" name="testGetPostsByUser" time="1.118"/>
</testsuite> <!-- com.lab04.api.tests.UserApiTest -->
