<?xml version="1.0" encoding="UTF-8"?>
<!-- Generated by org.testng.reporters.JUnitReportReporter -->
<testsuite hostname="LAPTOP-TG0GH7NF" failures="0" tests="6" name="com.lab04.tests.ShoppingTest" time="38.130" errors="0" timestamp="2026-05-03T12:32:29 GMT+07:00" skipped="0">
  <testcase classname="com.lab04.tests.ShoppingTest" name="testCartContainsProduct" time="6.056"/>
  <testcase classname="com.lab04.tests.ShoppingTest" name="testSortByPriceLowToHigh" time="5.426"/>
  <testcase classname="com.lab04.tests.ShoppingTest" name="testProductsPageDisplayed" time="6.410"/>
  <testcase classname="com.lab04.tests.ShoppingTest" name="testRemoveItemFromCart" time="7.353"/>
  <testcase classname="com.lab04.tests.ShoppingTest" name="testAddProductToCart" time="5.725"/>
  <testcase classname="com.lab04.tests.ShoppingTest" name="testCompleteCheckout" time="7.160"/>
</testsuite> <!-- com.lab04.tests.ShoppingTest -->
