<?xml version="1.0" encoding="UTF-8"?>
<!-- Generated by org.testng.reporters.JUnitReportReporter -->
<testsuite hostname="LAPTOP-TG0GH7NF" failures="0" tests="4" name="com.lab04.tests.LoginTest" time="37.675" errors="0" timestamp="2026-05-03T12:32:29 GMT+07:00" skipped="0">
  <testcase classname="com.lab04.tests.LoginTest" name="testValidLogin" time="5.378"/>
  <testcase classname="com.lab04.tests.LoginTest" name="testEmptyCredentials" time="5.770"/>
  <testcase classname="com.lab04.tests.LoginTest" name="testLockedOutUser" time="5.526"/>
  <testcase classname="com.lab04.tests.LoginTest" name="testInvalidLogin" time="21.001"/>
</testsuite> <!-- com.lab04.tests.LoginTest -->
