<?xml version="1.0" encoding="UTF-8"?>
<!-- Generated by org.testng.reporters.JUnitXMLReporter -->
<testsuite ignored="0" hostname="dodavins-MacBook-Pro.local" failures="0" tests="5" name="API — User Endpoint Tests" time="4.096" errors="0" timestamp="2026-05-04T22:17:51 ICT">
  <testcase classname="com.lab04.api.tests.UserApiTest" name="testGetAllUsers" time="0.565"/>
  <testcase classname="com.lab04.api.tests.UserApiTest" name="testGetNonExistentUser" time="0.171"/>
  <testcase classname="com.lab04.api.tests.UserApiTest" name="testGetPostsByUser" time="1.018"/>
  <testcase classname="com.lab04.api.tests.UserApiTest" name="testGetUserById" time="0.61"/>
  <testcase classname="com.lab04.api.tests.UserApiTest" name="testGetUserByUsername" time="1.566"/>
</testsuite> <!-- API — User Endpoint Tests -->
