<?xml version="1.0" encoding="UTF-8"?>
<!-- Generated by org.testng.reporters.JUnitXMLReporter -->
<testsuite ignored="0" hostname="dodavins-MacBook-Pro.local" failures="0" tests="8" name="API — Post CRUD Tests" time="3.504" errors="0" timestamp="2026-05-04T22:17:59 ICT">
  <testcase classname="com.lab04.api.tests.PostApiTest" name="testCreatePost" time="0.453"/>
  <testcase classname="com.lab04.api.tests.PostApiTest" name="testDeletePost" time="0.847"/>
  <testcase classname="com.lab04.api.tests.PostApiTest" name="testGetAllPosts" time="0.238"/>
  <testcase classname="com.lab04.api.tests.PostApiTest" name="testGetPostById" time="0.181"/>
  <testcase classname="com.lab04.api.tests.PostApiTest" name="testGetPostsByUserId" time="0.19"/>
  <testcase classname="com.lab04.api.tests.PostApiTest" name="testPatchPost" time="0.414"/>
  <testcase classname="com.lab04.api.tests.PostApiTest" name="testResponseHeaders" time="0.177"/>
  <testcase classname="com.lab04.api.tests.PostApiTest" name="testUpdatePost" time="0.989"/>
</testsuite> <!-- API — Post CRUD Tests -->
