<?xml version="1.0" encoding="UTF-8"?>
<!-- Generated by org.testng.reporters.JUnitXMLReporter -->
<testsuite ignored="0" hostname="LAPTOP-TG0GH7NF" failures="0" tests="5" name="API — User Endpoint Tests" time="7.846" errors="0" timestamp="2026-05-03T12:32:23 GMT+07:00">
  <testcase classname="com.lab04.api.tests.UserApiTest" name="testGetAllUsers" time="3.591"/>
  <testcase classname="com.lab04.api.tests.UserApiTest" name="testGetNonExistentUser" time="0.322"/>
  <testcase classname="com.lab04.api.tests.UserApiTest" name="testGetPostsByUser" time="1.112"/>
  <testcase classname="com.lab04.api.tests.UserApiTest" name="testGetUserById" time="0.444"/>
  <testcase classname="com.lab04.api.tests.UserApiTest" name="testGetUserByUsername" time="1.234"/>
</testsuite> <!-- API — User Endpoint Tests -->
