<?xml version="1.0" encoding="UTF-8"?>
<!-- Generated by org.testng.reporters.JUnitXMLReporter -->
<testsuite ignored="0" hostname="LAPTOP-TG0GH7NF" failures="0" tests="8" name="API — Post CRUD Tests" time="4.811" errors="0" timestamp="2026-05-03T12:32:28 GMT+07:00">
  <testcase classname="com.lab04.api.tests.PostApiTest" name="testCreatePost" time="1.186"/>
  <testcase classname="com.lab04.api.tests.PostApiTest" name="testDeletePost" time="0.509"/>
  <testcase classname="com.lab04.api.tests.PostApiTest" name="testGetAllPosts" time="0.537"/>
  <testcase classname="com.lab04.api.tests.PostApiTest" name="testGetPostById" time="0.349"/>
  <testcase classname="com.lab04.api.tests.PostApiTest" name="testGetPostsByUserId" time="0.304"/>
  <testcase classname="com.lab04.api.tests.PostApiTest" name="testPatchPost" time="0.56"/>
  <testcase classname="com.lab04.api.tests.PostApiTest" name="testResponseHeaders" time="0.303"/>
  <testcase classname="com.lab04.api.tests.PostApiTest" name="testUpdatePost" time="1.014"/>
</testsuite> <!-- API — Post CRUD Tests -->
