<?xml version="1.0" encoding="UTF-8"?>
<!-- Generated by org.testng.reporters.JUnitXMLReporter -->
<testsuite ignored="0" hostname="LAPTOP-TG0GH7NF" failures="0" tests="6" name="UI — Shopping Tests" time="38.148" errors="0" timestamp="2026-05-03T12:32:15 GMT+07:00">
  <testcase classname="com.lab04.tests.ShoppingTest" name="testAddProductToCart" time="0.248"/>
  <testcase classname="com.lab04.tests.ShoppingTest" name="testCartContainsProduct" time="0.363"/>
  <testcase classname="com.lab04.tests.ShoppingTest" name="testCompleteCheckout" time="1.35"/>
  <testcase classname="com.lab04.tests.ShoppingTest" name="testProductsPageDisplayed" time="0.019"/>
  <testcase classname="com.lab04.tests.ShoppingTest" name="testRemoveItemFromCart" time="0.444"/>
  <testcase classname="com.lab04.tests.ShoppingTest" name="testSortByPriceLowToHigh" time="0.127"/>
</testsuite> <!-- UI — Shopping Tests -->
