<?xml version="1.0" encoding="UTF-8"?>
<!-- Generated by org.testng.reporters.JUnitXMLReporter -->
<testsuite ignored="0" hostname="LAPTOP-TG0GH7NF" failures="0" tests="4" name="UI — Login Tests" time="37.732" errors="0" timestamp="2026-05-03T12:31:37 GMT+07:00">
  <testcase classname="com.lab04.tests.LoginTest" name="testEmptyCredentials" time="3.307"/>
  <testcase classname="com.lab04.tests.LoginTest" name="testInvalidLogin" time="3.335"/>
  <testcase classname="com.lab04.tests.LoginTest" name="testLockedOutUser" time="3.323"/>
  <testcase classname="com.lab04.tests.LoginTest" name="testValidLogin" time="3.249"/>
</testsuite> <!-- UI — Login Tests -->
