<?xml version="1.0" encoding="UTF-8"?>
<!-- Generated by org.testng.reporters.JUnitXMLReporter -->
<testsuite ignored="0" hostname="dodavins-MacBook-Pro.local" failures="0" tests="6" name="UI — Shopping Tests" time="50.245" errors="0" timestamp="2026-05-04T22:17:47 ICT">
  <testcase classname="com.lab04.tests.ShoppingTest" name="testAddProductToCart" time="0.124"/>
  <testcase classname="com.lab04.tests.ShoppingTest" name="testCartContainsProduct" time="0.239"/>
  <testcase classname="com.lab04.tests.ShoppingTest" name="testCompleteCheckout" time="0.961"/>
  <testcase classname="com.lab04.tests.ShoppingTest" name="testProductsPageDisplayed" time="0.003"/>
  <testcase classname="com.lab04.tests.ShoppingTest" name="testRemoveItemFromCart" time="0.359"/>
  <testcase classname="com.lab04.tests.ShoppingTest" name="testSortByPriceLowToHigh" time="0.117"/>
</testsuite> <!-- UI — Shopping Tests -->
