<?xml version="1.0" encoding="UTF-8"?>
<!-- Generated by org.testng.reporters.JUnitXMLReporter -->
<testsuite ignored="0" hostname="dodavins-MacBook-Pro.local" failures="0" tests="4" name="UI — Login Tests" time="85.137" errors="0" timestamp="2026-05-04T22:16:52 ICT">
  <testcase classname="com.lab04.tests.LoginTest" name="testEmptyCredentials" time="5.928"/>
  <testcase classname="com.lab04.tests.LoginTest" name="testInvalidLogin" time="3.055"/>
  <testcase classname="com.lab04.tests.LoginTest" name="testLockedOutUser" time="3.809"/>
  <testcase classname="com.lab04.tests.LoginTest" name="testValidLogin" time="2.956"/>
</testsuite> <!-- UI — Login Tests -->
